<?xml version="1.0" encoding="UTF-8"?>
<!-- Generated by org.testng.reporters.JUnitReportReporter -->
<testsuite hostname="AshSharma" name="runners.MainRunner"
	tests="2" failures="0" timestamp="26 Mar 2020 10:56:37 GMT"
	time="24.158" errors="0">
	<testcase name="feature" time="12.199"
		classname="runners.MainRunner" />
	<testcase name="feature" time="11.959"
		classname="runners.MainRunner" />
</testsuite> <!-- runners.MainRunner -->
