<?xml version="1.0" encoding="UTF-8"?>
<!-- Generated by org.testng.reporters.JUnitReportReporter -->
<testsuite hostname="AshSharma" name="runners.MainRunner" tests="2" failures="0" timestamp="26 Mar 2020 20:50:16 GMT" time="26.102" errors="0">
  <testcase name="feature" time="13.150" classname="runners.MainRunner"/>
  <testcase name="feature" time="12.952" classname="runners.MainRunner"/>
</testsuite> <!-- runners.MainRunner -->
