<?xml version="1.0" encoding="UTF-8"?>
<!-- Generated by org.testng.reporters.JUnitReportReporter -->
<testsuite hostname="AshSharma" name="runners.MainRunner" tests="2" failures="0" timestamp="27 Mar 2020 13:48:19 GMT" time="26.626" errors="0">
  <testcase name="feature" time="13.576" classname="runners.MainRunner"/>
  <testcase name="feature" time="13.050" classname="runners.MainRunner"/>
</testsuite> <!-- runners.MainRunner -->
