<?xml version="1.0" encoding="UTF-8"?>
<!-- Generated by org.testng.reporters.JUnitReportReporter -->
<testsuite hostname="AshSharma" name="runners.MainRunner" tests="2" failures="0" timestamp="27 Mar 2020 12:32:18 GMT" time="28.054" errors="0">
  <testcase name="feature" time="15.385" classname="runners.MainRunner"/>
  <testcase name="feature" time="12.669" classname="runners.MainRunner"/>
</testsuite> <!-- runners.MainRunner -->
