<?xml version="1.0" encoding="UTF-8"?>
<!-- Generated by org.testng.reporters.JUnitReportReporter -->
<testsuite hostname="AshSharma" name="runners.MainRunner" tests="2" failures="0" timestamp="26 Mar 2020 18:43:53 GMT" time="24.424" errors="0">
  <testcase name="feature" time="11.497" classname="runners.MainRunner"/>
  <testcase name="feature" time="12.927" classname="runners.MainRunner"/>
</testsuite> <!-- runners.MainRunner -->
