<?xml version="1.0" encoding="UTF-8"?>
<!-- Generated by org.testng.reporters.JUnitReportReporter -->
<testsuite hostname="AshSharma" name="runners.MainRunner" tests="2" failures="0" timestamp="2 Jul 2021 16:50:47 GMT" time="25.626" errors="0">
  <testcase name="feature" time="13.476" classname="runners.MainRunner"/>
  <testcase name="feature" time="12.150" classname="runners.MainRunner"/>
</testsuite> <!-- runners.MainRunner -->
