<?xml version="1.0" encoding="UTF-8"?>
<!-- Generated by org.testng.reporters.JUnitReportReporter -->
<testsuite hostname="AshSharma" name="runners.MainRunner" tests="2" failures="0" timestamp="27 Mar 2020 09:12:51 GMT" time="34.273" errors="0">
  <testcase name="feature" time="15.645" classname="runners.MainRunner"/>
  <testcase name="feature" time="18.628" classname="runners.MainRunner"/>
</testsuite> <!-- runners.MainRunner -->
