<?xml version="1.0" encoding="UTF-8"?>
<!-- Generated by org.testng.reporters.JUnitReportReporter -->
<testsuite hostname="AshSharma" name="runners.MainRunner" tests="2" failures="0" timestamp="27 Mar 2020 12:58:12 GMT" time="25.489" errors="0">
  <testcase name="feature" time="12.773" classname="runners.MainRunner"/>
  <testcase name="feature" time="12.716" classname="runners.MainRunner"/>
</testsuite> <!-- runners.MainRunner -->
